DEBUG (0.000) SELECT "auth_user"."id", "auth_user"."password", "auth_user"."last_login", "auth_user"."is_superuser", "auth_user"."username", "auth_user"."first_name", "auth_user"."last_name", "auth_user"."email", "auth_user"."is_staff", "auth_user"."is_active", "auth_user"."date_joined" FROM "auth_user" LIMIT 21; args=()
DEBUG (0.001) SELECT "auth_user"."id", "auth_user"."password", "auth_user"."last_login", "auth_user"."is_superuser", "auth_user"."username", "auth_user"."first_name", "auth_user"."last_name", "auth_user"."email", "auth_user"."is_staff", "auth_user"."is_active", "auth_user"."date_joined" FROM "auth_user" LIMIT 21; args=()
DEBUG (0.001) 
            SELECT name, type FROM sqlite_master
            WHERE type in ('table', 'view') AND NOT name='sqlite_sequence'
            ORDER BY name; args=None
DEBUG (0.000) PRAGMA foreign_keys; args=None
DEBUG (0.000) PRAGMA foreign_keys = 0; args=None
DEBUG (0.000) BEGIN; args=None
DEBUG CREATE TABLE "django_migrations" ("id" integer NOT NULL PRIMARY KEY AUTOINCREMENT, "app" varchar(255) NOT NULL, "name" varchar(255) NOT NULL, "applied" datetime NOT NULL); (params None)
DEBUG (0.001) CREATE TABLE "django_migrations" ("id" integer NOT NULL PRIMARY KEY AUTOINCREMENT, "app" varchar(255) NOT NULL, "name" varchar(255) NOT NULL, "applied" datetime NOT NULL); args=None
DEBUG (0.000) PRAGMA foreign_keys = 0; args=None
DEBUG (0.000) SELECT "django_migrations"."app", "django_migrations"."name" FROM "django_migrations"; args=()
DEBUG (0.000) PRAGMA foreign_keys; args=None
DEBUG (0.000) PRAGMA foreign_keys = 0; args=None
DEBUG (0.000) BEGIN; args=None
DEBUG CREATE TABLE "django_content_type" ("id" integer NOT NULL PRIMARY KEY AUTOINCREMENT, "name" varchar(100) NOT NULL, "app_label" varchar(100) NOT NULL, "model" varchar(100) NOT NULL); (params None)
DEBUG (0.001) CREATE TABLE "django_content_type" ("id" integer NOT NULL PRIMARY KEY AUTOINCREMENT, "name" varchar(100) NOT NULL, "app_label" varchar(100) NOT NULL, "model" varchar(100) NOT NULL); args=None
DEBUG ALTER TABLE "django_content_type" RENAME TO "django_content_type__old"; (params [])
DEBUG (0.000) ALTER TABLE "django_content_type" RENAME TO "django_content_type__old"; args=[]
DEBUG CREATE TABLE "django_content_type" ("id" integer NOT NULL PRIMARY KEY AUTOINCREMENT, "name" varchar(100) NOT NULL, "app_label" varchar(100) NOT NULL, "model" varchar(100) NOT NULL); (params None)
DEBUG (0.000) CREATE TABLE "django_content_type" ("id" integer NOT NULL PRIMARY KEY AUTOINCREMENT, "name" varchar(100) NOT NULL, "app_label" varchar(100) NOT NULL, "model" varchar(100) NOT NULL); args=None
DEBUG INSERT INTO "django_content_type" ("model", "app_label", "id", "name") SELECT "model", "app_label", "id", "name" FROM "django_content_type__old"; (params [])
DEBUG (0.000) INSERT INTO "django_content_type" ("model", "app_label", "id", "name") SELECT "model", "app_label", "id", "name" FROM "django_content_type__old"; args=[]
DEBUG DROP TABLE "django_content_type__old"; (params [])
DEBUG (0.002) DROP TABLE "django_content_type__old"; args=[]
DEBUG CREATE UNIQUE INDEX "django_content_type_app_label_76bd3d3b_uniq" ON "django_content_type" ("app_label", "model"); (params [])
DEBUG (0.001) CREATE UNIQUE INDEX "django_content_type_app_label_76bd3d3b_uniq" ON "django_content_type" ("app_label", "model"); args=[]
DEBUG (0.000) PRAGMA foreign_keys = 0; args=None
DEBUG (0.000) 
            SELECT name, type FROM sqlite_master
            WHERE type in ('table', 'view') AND NOT name='sqlite_sequence'
            ORDER BY name; args=None
DEBUG (0.000) BEGIN; args=None
DEBUG (0.001) INSERT INTO "django_migrations" ("app", "name", "applied") VALUES ('contenttypes', '0001_initial', '2016-04-26 16:23:50.595578'); args=['contenttypes', u'0001_initial', u'2016-04-26 16:23:50.595578']
DEBUG (0.000) PRAGMA foreign_keys; args=None
DEBUG (0.000) PRAGMA foreign_keys = 0; args=None
DEBUG (0.000) BEGIN; args=None
DEBUG CREATE TABLE "auth_permission" ("id" integer NOT NULL PRIMARY KEY AUTOINCREMENT, "name" varchar(50) NOT NULL, "content_type_id" integer NOT NULL REFERENCES "django_content_type" ("id"), "codename" varchar(100) NOT NULL); (params None)
DEBUG (0.001) CREATE TABLE "auth_permission" ("id" integer NOT NULL PRIMARY KEY AUTOINCREMENT, "name" varchar(50) NOT NULL, "content_type_id" integer NOT NULL REFERENCES "django_content_type" ("id"), "codename" varchar(100) NOT NULL); args=None
DEBUG CREATE TABLE "auth_group" ("id" integer NOT NULL PRIMARY KEY AUTOINCREMENT, "name" varchar(80) NOT NULL UNIQUE); (params None)
DEBUG (0.000) CREATE TABLE "auth_group" ("id" integer NOT NULL PRIMARY KEY AUTOINCREMENT, "name" varchar(80) NOT NULL UNIQUE); args=None
DEBUG CREATE TABLE "auth_group_permissions" ("id" integer NOT NULL PRIMARY KEY AUTOINCREMENT, "group_id" integer NOT NULL REFERENCES "auth_group" ("id"), "permission_id" integer NOT NULL REFERENCES "auth_permission" ("id")); (params None)
DEBUG (0.000) CREATE TABLE "auth_group_permissions" ("id" integer NOT NULL PRIMARY KEY AUTOINCREMENT, "group_id" integer NOT NULL REFERENCES "auth_group" ("id"), "permission_id" integer NOT NULL REFERENCES "auth_permission" ("id")); args=None
DEBUG CREATE TABLE "auth_user" ("id" integer NOT NULL PRIMARY KEY AUTOINCREMENT, "password" varchar(128) NOT NULL, "last_login" datetime NOT NULL, "is_superuser" bool NOT NULL, "username" varchar(30) NOT NULL UNIQUE, "first_name" varchar(30) NOT NULL, "last_name" varchar(30) NOT NULL, "email" varchar(75) NOT NULL, "is_staff" bool NOT NULL, "is_active" bool NOT NULL, "date_joined" datetime NOT NULL); (params None)
DEBUG (0.001) CREATE TABLE "auth_user" ("id" integer NOT NULL PRIMARY KEY AUTOINCREMENT, "password" varchar(128) NOT NULL, "last_login" datetime NOT NULL, "is_superuser" bool NOT NULL, "username" varchar(30) NOT NULL UNIQUE, "first_name" varchar(30) NOT NULL, "last_name" varchar(30) NOT NULL, "email" varchar(75) NOT NULL, "is_staff" bool NOT NULL, "is_active" bool NOT NULL, "date_joined" datetime NOT NULL); args=None
DEBUG CREATE TABLE "auth_user_groups" ("id" integer NOT NULL PRIMARY KEY AUTOINCREMENT, "user_id" integer NOT NULL REFERENCES "auth_user" ("id"), "group_id" integer NOT NULL REFERENCES "auth_group" ("id")); (params None)
DEBUG (0.001) CREATE TABLE "auth_user_groups" ("id" integer NOT NULL PRIMARY KEY AUTOINCREMENT, "user_id" integer NOT NULL REFERENCES "auth_user" ("id"), "group_id" integer NOT NULL REFERENCES "auth_group" ("id")); args=None
DEBUG CREATE TABLE "auth_user_user_permissions" ("id" integer NOT NULL PRIMARY KEY AUTOINCREMENT, "user_id" integer NOT NULL REFERENCES "auth_user" ("id"), "permission_id" integer NOT NULL REFERENCES "auth_permission" ("id")); (params None)
DEBUG (0.000) CREATE TABLE "auth_user_user_permissions" ("id" integer NOT NULL PRIMARY KEY AUTOINCREMENT, "user_id" integer NOT NULL REFERENCES "auth_user" ("id"), "permission_id" integer NOT NULL REFERENCES "auth_permission" ("id")); args=None
DEBUG CREATE UNIQUE INDEX "auth_permission_content_type_id_01ab375a_uniq" ON "auth_permission" ("content_type_id", "codename"); (params [])
DEBUG (0.001) CREATE UNIQUE INDEX "auth_permission_content_type_id_01ab375a_uniq" ON "auth_permission" ("content_type_id", "codename"); args=[]
DEBUG CREATE INDEX "auth_permission_417f1b1c" ON "auth_permission" ("content_type_id"); (params [])
DEBUG (0.000) CREATE INDEX "auth_permission_417f1b1c" ON "auth_permission" ("content_type_id"); args=[]
DEBUG CREATE UNIQUE INDEX "auth_group_permissions_group_id_0cd325b0_uniq" ON "auth_group_permissions" ("group_id", "permission_id"); (params [])
DEBUG (0.000) CREATE UNIQUE INDEX "auth_group_permissions_group_id_0cd325b0_uniq" ON "auth_group_permissions" ("group_id", "permission_id"); args=[]
DEBUG CREATE INDEX "auth_group_permissions_0e939a4f" ON "auth_group_permissions" ("group_id"); (params [])
DEBUG (0.000) CREATE INDEX "auth_group_permissions_0e939a4f" ON "auth_group_permissions" ("group_id"); args=[]
DEBUG CREATE INDEX "auth_group_permissions_8373b171" ON "auth_group_permissions" ("permission_id"); (params [])
DEBUG (0.001) CREATE INDEX "auth_group_permissions_8373b171" ON "auth_group_permissions" ("permission_id"); args=[]
DEBUG CREATE UNIQUE INDEX "auth_user_groups_user_id_94350c0c_uniq" ON "auth_user_groups" ("user_id", "group_id"); (params [])
DEBUG (0.000) CREATE UNIQUE INDEX "auth_user_groups_user_id_94350c0c_uniq" ON "auth_user_groups" ("user_id", "group_id"); args=[]
DEBUG CREATE INDEX "auth_user_groups_e8701ad4" ON "auth_user_groups" ("user_id"); (params [])
DEBUG (0.000) CREATE INDEX "auth_user_groups_e8701ad4" ON "auth_user_groups" ("user_id"); args=[]
DEBUG CREATE INDEX "auth_user_groups_0e939a4f" ON "auth_user_groups" ("group_id"); (params [])
DEBUG (0.000) CREATE INDEX "auth_user_groups_0e939a4f" ON "auth_user_groups" ("group_id"); args=[]
DEBUG CREATE UNIQUE INDEX "auth_user_user_permissions_user_id_14a6b632_uniq" ON "auth_user_user_permissions" ("user_id", "permission_id"); (params [])
DEBUG (0.000) CREATE UNIQUE INDEX "auth_user_user_permissions_user_id_14a6b632_uniq" ON "auth_user_user_permissions" ("user_id", "permission_id"); args=[]
DEBUG CREATE INDEX "auth_user_user_permissions_e8701ad4" ON "auth_user_user_permissions" ("user_id"); (params [])
DEBUG (0.000) CREATE INDEX "auth_user_user_permissions_e8701ad4" ON "auth_user_user_permissions" ("user_id"); args=[]
DEBUG CREATE INDEX "auth_user_user_permissions_8373b171" ON "auth_user_user_permissions" ("permission_id"); (params [])
DEBUG (0.000) CREATE INDEX "auth_user_user_permissions_8373b171" ON "auth_user_user_permissions" ("permission_id"); args=[]
DEBUG (0.000) PRAGMA foreign_keys = 0; args=None
DEBUG (0.001) 
            SELECT name, type FROM sqlite_master
            WHERE type in ('table', 'view') AND NOT name='sqlite_sequence'
            ORDER BY name; args=None
DEBUG (0.000) BEGIN; args=None
DEBUG (0.001) INSERT INTO "django_migrations" ("app", "name", "applied") VALUES ('auth', '0001_initial', '2016-04-26 16:23:50.837267'); args=['auth', u'0001_initial', u'2016-04-26 16:23:50.837267']
DEBUG (0.000) PRAGMA foreign_keys; args=None
DEBUG (0.000) PRAGMA foreign_keys = 0; args=None
DEBUG (0.000) BEGIN; args=None
DEBUG CREATE TABLE "django_admin_log" ("id" integer NOT NULL PRIMARY KEY AUTOINCREMENT, "action_time" datetime NOT NULL, "object_id" text NULL, "object_repr" varchar(200) NOT NULL, "action_flag" smallint unsigned NOT NULL, "change_message" text NOT NULL, "content_type_id" integer NULL REFERENCES "django_content_type" ("id"), "user_id" integer NOT NULL REFERENCES "auth_user" ("id")); (params None)
DEBUG (0.002) CREATE TABLE "django_admin_log" ("id" integer NOT NULL PRIMARY KEY AUTOINCREMENT, "action_time" datetime NOT NULL, "object_id" text NULL, "object_repr" varchar(200) NOT NULL, "action_flag" smallint unsigned NOT NULL, "change_message" text NOT NULL, "content_type_id" integer NULL REFERENCES "django_content_type" ("id"), "user_id" integer NOT NULL REFERENCES "auth_user" ("id")); args=None
DEBUG CREATE INDEX "django_admin_log_417f1b1c" ON "django_admin_log" ("content_type_id"); (params [])
DEBUG (0.000) CREATE INDEX "django_admin_log_417f1b1c" ON "django_admin_log" ("content_type_id"); args=[]
DEBUG CREATE INDEX "django_admin_log_e8701ad4" ON "django_admin_log" ("user_id"); (params [])
DEBUG (0.000) CREATE INDEX "django_admin_log_e8701ad4" ON "django_admin_log" ("user_id"); args=[]
DEBUG (0.000) PRAGMA foreign_keys = 0; args=None
DEBUG (0.000) 
            SELECT name, type FROM sqlite_master
            WHERE type in ('table', 'view') AND NOT name='sqlite_sequence'
            ORDER BY name; args=None
DEBUG (0.000) BEGIN; args=None
DEBUG (0.001) INSERT INTO "django_migrations" ("app", "name", "applied") VALUES ('admin', '0001_initial', '2016-04-26 16:23:51.003480'); args=['admin', u'0001_initial', u'2016-04-26 16:23:51.003480']
DEBUG (0.000) PRAGMA foreign_keys; args=None
DEBUG (0.000) PRAGMA foreign_keys = 0; args=None
DEBUG (0.000) BEGIN; args=None
DEBUG ALTER TABLE "django_admin_log" RENAME TO "django_admin_log__old"; (params [])
DEBUG (0.001) ALTER TABLE "django_admin_log" RENAME TO "django_admin_log__old"; args=[]
DEBUG CREATE TABLE "django_admin_log" ("id" integer NOT NULL PRIMARY KEY AUTOINCREMENT, "object_id" text NULL, "object_repr" varchar(200) NOT NULL, "action_flag" smallint unsigned NOT NULL, "change_message" text NOT NULL, "content_type_id" integer NULL REFERENCES "django_content_type" ("id"), "user_id" integer NOT NULL REFERENCES "auth_user" ("id"), "action_time" datetime NOT NULL); (params None)
DEBUG (0.000) CREATE TABLE "django_admin_log" ("id" integer NOT NULL PRIMARY KEY AUTOINCREMENT, "object_id" text NULL, "object_repr" varchar(200) NOT NULL, "action_flag" smallint unsigned NOT NULL, "change_message" text NOT NULL, "content_type_id" integer NULL REFERENCES "django_content_type" ("id"), "user_id" integer NOT NULL REFERENCES "auth_user" ("id"), "action_time" datetime NOT NULL); args=None
DEBUG INSERT INTO "django_admin_log" ("action_flag", "action_time", "user_id", "content_type_id", "object_repr", "object_id", "change_message", "id") SELECT "action_flag", "action_time", "user_id", "content_type_id", "object_repr", "object_id", "change_message", "id" FROM "django_admin_log__old"; (params [])
DEBUG (0.000) INSERT INTO "django_admin_log" ("action_flag", "action_time", "user_id", "content_type_id", "object_repr", "object_id", "change_message", "id") SELECT "action_flag", "action_time", "user_id", "content_type_id", "object_repr", "object_id", "change_message", "id" FROM "django_admin_log__old"; args=[]
DEBUG DROP TABLE "django_admin_log__old"; (params [])
DEBUG (0.002) DROP TABLE "django_admin_log__old"; args=[]
DEBUG CREATE INDEX "django_admin_log_417f1b1c" ON "django_admin_log" ("content_type_id"); (params [])
DEBUG (0.000) CREATE INDEX "django_admin_log_417f1b1c" ON "django_admin_log" ("content_type_id"); args=[]
DEBUG CREATE INDEX "django_admin_log_e8701ad4" ON "django_admin_log" ("user_id"); (params [])
DEBUG (0.000) CREATE INDEX "django_admin_log_e8701ad4" ON "django_admin_log" ("user_id"); args=[]
DEBUG (0.000) PRAGMA foreign_keys = 0; args=None
DEBUG (0.000) 
            SELECT name, type FROM sqlite_master
            WHERE type in ('table', 'view') AND NOT name='sqlite_sequence'
            ORDER BY name; args=None
DEBUG (0.000) BEGIN; args=None
DEBUG (0.002) INSERT INTO "django_migrations" ("app", "name", "applied") VALUES ('admin', '0002_logentry_remove_auto_add', '2016-04-26 16:23:51.178039'); args=['admin', u'0002_logentry_remove_auto_add', u'2016-04-26 16:23:51.178039']
DEBUG (0.000) PRAGMA foreign_keys; args=None
DEBUG (0.000) PRAGMA foreign_keys = 0; args=None
DEBUG (0.000) BEGIN; args=None
DEBUG ALTER TABLE "django_content_type" RENAME TO "django_content_type__old"; (params [])
DEBUG (0.002) ALTER TABLE "django_content_type" RENAME TO "django_content_type__old"; args=[]
DEBUG CREATE TABLE "django_content_type" ("id" integer NOT NULL PRIMARY KEY AUTOINCREMENT, "app_label" varchar(100) NOT NULL, "model" varchar(100) NOT NULL, "name" varchar(100) NULL); (params None)
DEBUG (0.001) CREATE TABLE "django_content_type" ("id" integer NOT NULL PRIMARY KEY AUTOINCREMENT, "app_label" varchar(100) NOT NULL, "model" varchar(100) NOT NULL, "name" varchar(100) NULL); args=None
DEBUG INSERT INTO "django_content_type" ("model", "app_label", "id", "name") SELECT "model", "app_label", "id", "name" FROM "django_content_type__old"; (params [])
DEBUG (0.001) INSERT INTO "django_content_type" ("model", "app_label", "id", "name") SELECT "model", "app_label", "id", "name" FROM "django_content_type__old"; args=[]
DEBUG DROP TABLE "django_content_type__old"; (params [])
DEBUG (0.000) DROP TABLE "django_content_type__old"; args=[]
DEBUG CREATE UNIQUE INDEX "django_content_type_app_label_76bd3d3b_uniq" ON "django_content_type" ("app_label", "model"); (params [])
DEBUG (0.001) CREATE UNIQUE INDEX "django_content_type_app_label_76bd3d3b_uniq" ON "django_content_type" ("app_label", "model"); args=[]
DEBUG ALTER TABLE "django_content_type" RENAME TO "django_content_type__old"; (params [])
DEBUG (0.000) ALTER TABLE "django_content_type" RENAME TO "django_content_type__old"; args=[]
DEBUG CREATE TABLE "django_content_type" ("id" integer NOT NULL PRIMARY KEY AUTOINCREMENT, "app_label" varchar(100) NOT NULL, "model" varchar(100) NOT NULL); (params None)
DEBUG (0.000) CREATE TABLE "django_content_type" ("id" integer NOT NULL PRIMARY KEY AUTOINCREMENT, "app_label" varchar(100) NOT NULL, "model" varchar(100) NOT NULL); args=None
DEBUG INSERT INTO "django_content_type" ("model", "app_label", "id") SELECT "model", "app_label", "id" FROM "django_content_type__old"; (params [])
DEBUG (0.000) INSERT INTO "django_content_type" ("model", "app_label", "id") SELECT "model", "app_label", "id" FROM "django_content_type__old"; args=[]
DEBUG DROP TABLE "django_content_type__old"; (params [])
DEBUG (0.000) DROP TABLE "django_content_type__old"; args=[]
DEBUG CREATE UNIQUE INDEX "django_content_type_app_label_76bd3d3b_uniq" ON "django_content_type" ("app_label", "model"); (params [])
DEBUG (0.000) CREATE UNIQUE INDEX "django_content_type_app_label_76bd3d3b_uniq" ON "django_content_type" ("app_label", "model"); args=[]
DEBUG (0.000) PRAGMA foreign_keys = 0; args=None
DEBUG (0.000) 
            SELECT name, type FROM sqlite_master
            WHERE type in ('table', 'view') AND NOT name='sqlite_sequence'
            ORDER BY name; args=None
DEBUG (0.000) BEGIN; args=None
DEBUG (0.001) INSERT INTO "django_migrations" ("app", "name", "applied") VALUES ('contenttypes', '0002_remove_content_type_name', '2016-04-26 16:23:51.415884'); args=['contenttypes', u'0002_remove_content_type_name', u'2016-04-26 16:23:51.415884']
DEBUG (0.000) PRAGMA foreign_keys; args=None
DEBUG (0.000) PRAGMA foreign_keys = 0; args=None
DEBUG (0.000) BEGIN; args=None
DEBUG ALTER TABLE "auth_permission" RENAME TO "auth_permission__old"; (params [])
DEBUG (0.002) ALTER TABLE "auth_permission" RENAME TO "auth_permission__old"; args=[]
DEBUG CREATE TABLE "auth_permission" ("id" integer NOT NULL PRIMARY KEY AUTOINCREMENT, "content_type_id" integer NOT NULL REFERENCES "django_content_type" ("id"), "codename" varchar(100) NOT NULL, "name" varchar(255) NOT NULL); (params None)
DEBUG (0.000) CREATE TABLE "auth_permission" ("id" integer NOT NULL PRIMARY KEY AUTOINCREMENT, "content_type_id" integer NOT NULL REFERENCES "django_content_type" ("id"), "codename" varchar(100) NOT NULL, "name" varchar(255) NOT NULL); args=None
DEBUG INSERT INTO "auth_permission" ("content_type_id", "codename", "id", "name") SELECT "content_type_id", "codename", "id", "name" FROM "auth_permission__old"; (params [])
DEBUG (0.000) INSERT INTO "auth_permission" ("content_type_id", "codename", "id", "name") SELECT "content_type_id", "codename", "id", "name" FROM "auth_permission__old"; args=[]
DEBUG DROP TABLE "auth_permission__old"; (params [])
DEBUG (0.001) DROP TABLE "auth_permission__old"; args=[]
DEBUG CREATE UNIQUE INDEX "auth_permission_content_type_id_01ab375a_uniq" ON "auth_permission" ("content_type_id", "codename"); (params [])
DEBUG (0.001) CREATE UNIQUE INDEX "auth_permission_content_type_id_01ab375a_uniq" ON "auth_permission" ("content_type_id", "codename"); args=[]
DEBUG CREATE INDEX "auth_permission_417f1b1c" ON "auth_permission" ("content_type_id"); (params [])
DEBUG (0.000) CREATE INDEX "auth_permission_417f1b1c" ON "auth_permission" ("content_type_id"); args=[]
DEBUG (0.000) PRAGMA foreign_keys = 0; args=None
DEBUG (0.001) 
            SELECT name, type FROM sqlite_master
            WHERE type in ('table', 'view') AND NOT name='sqlite_sequence'
            ORDER BY name; args=None
DEBUG (0.000) BEGIN; args=None
DEBUG (0.002) INSERT INTO "django_migrations" ("app", "name", "applied") VALUES ('auth', '0002_alter_permission_name_max_length', '2016-04-26 16:23:51.597364'); args=['auth', u'0002_alter_permission_name_max_length', u'2016-04-26 16:23:51.597364']
DEBUG (0.000) PRAGMA foreign_keys; args=None
DEBUG (0.000) PRAGMA foreign_keys = 0; args=None
DEBUG (0.000) BEGIN; args=None
DEBUG ALTER TABLE "auth_user" RENAME TO "auth_user__old"; (params [])
DEBUG (0.002) ALTER TABLE "auth_user" RENAME TO "auth_user__old"; args=[]
DEBUG CREATE TABLE "auth_user" ("id" integer NOT NULL PRIMARY KEY AUTOINCREMENT, "password" varchar(128) NOT NULL, "last_login" datetime NOT NULL, "is_superuser" bool NOT NULL, "username" varchar(30) NOT NULL UNIQUE, "first_name" varchar(30) NOT NULL, "last_name" varchar(30) NOT NULL, "is_staff" bool NOT NULL, "is_active" bool NOT NULL, "date_joined" datetime NOT NULL, "email" varchar(254) NOT NULL); (params None)
DEBUG (0.000) CREATE TABLE "auth_user" ("id" integer NOT NULL PRIMARY KEY AUTOINCREMENT, "password" varchar(128) NOT NULL, "last_login" datetime NOT NULL, "is_superuser" bool NOT NULL, "username" varchar(30) NOT NULL UNIQUE, "first_name" varchar(30) NOT NULL, "last_name" varchar(30) NOT NULL, "is_staff" bool NOT NULL, "is_active" bool NOT NULL, "date_joined" datetime NOT NULL, "email" varchar(254) NOT NULL); args=None
DEBUG INSERT INTO "auth_user" ("username", "first_name", "last_name", "is_active", "email", "is_superuser", "is_staff", "last_login", "password", "id", "date_joined") SELECT "username", "first_name", "last_name", "is_active", "email", "is_superuser", "is_staff", "last_login", "password", "id", "date_joined" FROM "auth_user__old"; (params [])
DEBUG (0.000) INSERT INTO "auth_user" ("username", "first_name", "last_name", "is_active", "email", "is_superuser", "is_staff", "last_login", "password", "id", "date_joined") SELECT "username", "first_name", "last_name", "is_active", "email", "is_superuser", "is_staff", "last_login", "password", "id", "date_joined" FROM "auth_user__old"; args=[]
DEBUG DROP TABLE "auth_user__old"; (params [])
DEBUG (0.001) DROP TABLE "auth_user__old"; args=[]
DEBUG (0.000) PRAGMA foreign_keys = 0; args=None
DEBUG (0.001) 
            SELECT name, type FROM sqlite_master
            WHERE type in ('table', 'view') AND NOT name='sqlite_sequence'
            ORDER BY name; args=None
DEBUG (0.000) BEGIN; args=None
DEBUG (0.003) INSERT INTO "django_migrations" ("app", "name", "applied") VALUES ('auth', '0003_alter_user_email_max_length', '2016-04-26 16:23:51.779508'); args=['auth', u'0003_alter_user_email_max_length', u'2016-04-26 16:23:51.779508']
DEBUG (0.000) PRAGMA foreign_keys; args=None
DEBUG (0.000) PRAGMA foreign_keys = 0; args=None
DEBUG (0.000) BEGIN; args=None
DEBUG ALTER TABLE "auth_user" RENAME TO "auth_user__old"; (params [])
DEBUG (0.002) ALTER TABLE "auth_user" RENAME TO "auth_user__old"; args=[]
DEBUG CREATE TABLE "auth_user" ("id" integer NOT NULL PRIMARY KEY AUTOINCREMENT, "password" varchar(128) NOT NULL, "last_login" datetime NOT NULL, "is_superuser" bool NOT NULL, "first_name" varchar(30) NOT NULL, "last_name" varchar(30) NOT NULL, "email" varchar(254) NOT NULL, "is_staff" bool NOT NULL, "is_active" bool NOT NULL, "date_joined" datetime NOT NULL, "username" varchar(30) NOT NULL UNIQUE); (params None)
DEBUG (0.001) CREATE TABLE "auth_user" ("id" integer NOT NULL PRIMARY KEY AUTOINCREMENT, "password" varchar(128) NOT NULL, "last_login" datetime NOT NULL, "is_superuser" bool NOT NULL, "first_name" varchar(30) NOT NULL, "last_name" varchar(30) NOT NULL, "email" varchar(254) NOT NULL, "is_staff" bool NOT NULL, "is_active" bool NOT NULL, "date_joined" datetime NOT NULL, "username" varchar(30) NOT NULL UNIQUE); args=None
DEBUG INSERT INTO "auth_user" ("username", "first_name", "last_name", "is_active", "email", "is_superuser", "is_staff", "last_login", "password", "id", "date_joined") SELECT "username", "first_name", "last_name", "is_active", "email", "is_superuser", "is_staff", "last_login", "password", "id", "date_joined" FROM "auth_user__old"; (params [])
DEBUG (0.002) INSERT INTO "auth_user" ("username", "first_name", "last_name", "is_active", "email", "is_superuser", "is_staff", "last_login", "password", "id", "date_joined") SELECT "username", "first_name", "last_name", "is_active", "email", "is_superuser", "is_staff", "last_login", "password", "id", "date_joined" FROM "auth_user__old"; args=[]
DEBUG DROP TABLE "auth_user__old"; (params [])
DEBUG (0.001) DROP TABLE "auth_user__old"; args=[]
DEBUG (0.000) PRAGMA foreign_keys = 0; args=None
DEBUG (0.001) 
            SELECT name, type FROM sqlite_master
            WHERE type in ('table', 'view') AND NOT name='sqlite_sequence'
            ORDER BY name; args=None
DEBUG (0.000) BEGIN; args=None
DEBUG (0.001) INSERT INTO "django_migrations" ("app", "name", "applied") VALUES ('auth', '0004_alter_user_username_opts', '2016-04-26 16:23:51.998557'); args=['auth', u'0004_alter_user_username_opts', u'2016-04-26 16:23:51.998557']
DEBUG (0.000) PRAGMA foreign_keys; args=None
DEBUG (0.000) PRAGMA foreign_keys = 0; args=None
DEBUG (0.000) BEGIN; args=None
DEBUG ALTER TABLE "auth_user" RENAME TO "auth_user__old"; (params [])
DEBUG (0.001) ALTER TABLE "auth_user" RENAME TO "auth_user__old"; args=[]
DEBUG CREATE TABLE "auth_user" ("id" integer NOT NULL PRIMARY KEY AUTOINCREMENT, "password" varchar(128) NOT NULL, "is_superuser" bool NOT NULL, "username" varchar(30) NOT NULL UNIQUE, "first_name" varchar(30) NOT NULL, "last_name" varchar(30) NOT NULL, "email" varchar(254) NOT NULL, "is_staff" bool NOT NULL, "is_active" bool NOT NULL, "date_joined" datetime NOT NULL, "last_login" datetime NULL); (params None)
DEBUG (0.000) CREATE TABLE "auth_user" ("id" integer NOT NULL PRIMARY KEY AUTOINCREMENT, "password" varchar(128) NOT NULL, "is_superuser" bool NOT NULL, "username" varchar(30) NOT NULL UNIQUE, "first_name" varchar(30) NOT NULL, "last_name" varchar(30) NOT NULL, "email" varchar(254) NOT NULL, "is_staff" bool NOT NULL, "is_active" bool NOT NULL, "date_joined" datetime NOT NULL, "last_login" datetime NULL); args=None
DEBUG INSERT INTO "auth_user" ("username", "first_name", "last_name", "is_active", "email", "is_superuser", "is_staff", "last_login", "password", "id", "date_joined") SELECT "username", "first_name", "last_name", "is_active", "email", "is_superuser", "is_staff", "last_login", "password", "id", "date_joined" FROM "auth_user__old"; (params [])
DEBUG (0.001) INSERT INTO "auth_user" ("username", "first_name", "last_name", "is_active", "email", "is_superuser", "is_staff", "last_login", "password", "id", "date_joined") SELECT "username", "first_name", "last_name", "is_active", "email", "is_superuser", "is_staff", "last_login", "password", "id", "date_joined" FROM "auth_user__old"; args=[]
DEBUG DROP TABLE "auth_user__old"; (params [])
DEBUG (0.000) DROP TABLE "auth_user__old"; args=[]
DEBUG (0.000) PRAGMA foreign_keys = 0; args=None
DEBUG (0.000) 
            SELECT name, type FROM sqlite_master
            WHERE type in ('table', 'view') AND NOT name='sqlite_sequence'
            ORDER BY name; args=None
DEBUG (0.000) BEGIN; args=None
DEBUG (0.001) INSERT INTO "django_migrations" ("app", "name", "applied") VALUES ('auth', '0005_alter_user_last_login_null', '2016-04-26 16:23:52.248165'); args=['auth', u'0005_alter_user_last_login_null', u'2016-04-26 16:23:52.248165']
DEBUG (0.000) PRAGMA foreign_keys; args=None
DEBUG (0.000) PRAGMA foreign_keys = 0; args=None
DEBUG (0.000) BEGIN; args=None
DEBUG (0.000) PRAGMA foreign_keys = 0; args=None
DEBUG (0.000) 
            SELECT name, type FROM sqlite_master
            WHERE type in ('table', 'view') AND NOT name='sqlite_sequence'
            ORDER BY name; args=None
DEBUG (0.000) BEGIN; args=None
DEBUG (0.002) INSERT INTO "django_migrations" ("app", "name", "applied") VALUES ('auth', '0006_require_contenttypes_0002', '2016-04-26 16:23:52.309829'); args=['auth', u'0006_require_contenttypes_0002', u'2016-04-26 16:23:52.309829']
DEBUG (0.000) PRAGMA foreign_keys; args=None
DEBUG (0.000) PRAGMA foreign_keys = 0; args=None
DEBUG (0.000) BEGIN; args=None
DEBUG ALTER TABLE "auth_user" RENAME TO "auth_user__old"; (params [])
DEBUG (0.002) ALTER TABLE "auth_user" RENAME TO "auth_user__old"; args=[]
DEBUG CREATE TABLE "auth_user" ("id" integer NOT NULL PRIMARY KEY AUTOINCREMENT, "password" varchar(128) NOT NULL, "last_login" datetime NULL, "is_superuser" bool NOT NULL, "first_name" varchar(30) NOT NULL, "last_name" varchar(30) NOT NULL, "email" varchar(254) NOT NULL, "is_staff" bool NOT NULL, "is_active" bool NOT NULL, "date_joined" datetime NOT NULL, "username" varchar(30) NOT NULL UNIQUE); (params None)
DEBUG (0.000) CREATE TABLE "auth_user" ("id" integer NOT NULL PRIMARY KEY AUTOINCREMENT, "password" varchar(128) NOT NULL, "last_login" datetime NULL, "is_superuser" bool NOT NULL, "first_name" varchar(30) NOT NULL, "last_name" varchar(30) NOT NULL, "email" varchar(254) NOT NULL, "is_staff" bool NOT NULL, "is_active" bool NOT NULL, "date_joined" datetime NOT NULL, "username" varchar(30) NOT NULL UNIQUE); args=None
DEBUG INSERT INTO "auth_user" ("username", "first_name", "last_name", "is_active", "email", "is_superuser", "is_staff", "last_login", "password", "id", "date_joined") SELECT "username", "first_name", "last_name", "is_active", "email", "is_superuser", "is_staff", "last_login", "password", "id", "date_joined" FROM "auth_user__old"; (params [])
DEBUG (0.002) INSERT INTO "auth_user" ("username", "first_name", "last_name", "is_active", "email", "is_superuser", "is_staff", "last_login", "password", "id", "date_joined") SELECT "username", "first_name", "last_name", "is_active", "email", "is_superuser", "is_staff", "last_login", "password", "id", "date_joined" FROM "auth_user__old"; args=[]
DEBUG DROP TABLE "auth_user__old"; (params [])
DEBUG (0.001) DROP TABLE "auth_user__old"; args=[]
DEBUG (0.000) PRAGMA foreign_keys = 0; args=None
DEBUG (0.001) 
            SELECT name, type FROM sqlite_master
            WHERE type in ('table', 'view') AND NOT name='sqlite_sequence'
            ORDER BY name; args=None
DEBUG (0.000) BEGIN; args=None
DEBUG (0.001) INSERT INTO "django_migrations" ("app", "name", "applied") VALUES ('auth', '0007_alter_validators_add_error_messages', '2016-04-26 16:23:52.489984'); args=['auth', u'0007_alter_validators_add_error_messages', u'2016-04-26 16:23:52.489984']
DEBUG (0.000) PRAGMA foreign_keys; args=None
DEBUG (0.001) PRAGMA foreign_keys = 0; args=None
DEBUG (0.000) BEGIN; args=None
DEBUG CREATE TABLE "django_session" ("session_key" varchar(40) NOT NULL PRIMARY KEY, "session_data" text NOT NULL, "expire_date" datetime NOT NULL); (params None)
DEBUG (0.002) CREATE TABLE "django_session" ("session_key" varchar(40) NOT NULL PRIMARY KEY, "session_data" text NOT NULL, "expire_date" datetime NOT NULL); args=None
DEBUG CREATE INDEX "django_session_de54fa62" ON "django_session" ("expire_date"); (params [])
DEBUG (0.000) CREATE INDEX "django_session_de54fa62" ON "django_session" ("expire_date"); args=[]
DEBUG (0.000) PRAGMA foreign_keys = 0; args=None
DEBUG (0.001) 
            SELECT name, type FROM sqlite_master
            WHERE type in ('table', 'view') AND NOT name='sqlite_sequence'
            ORDER BY name; args=None
DEBUG (0.000) BEGIN; args=None
DEBUG (0.001) INSERT INTO "django_migrations" ("app", "name", "applied") VALUES ('sessions', '0001_initial', '2016-04-26 16:23:52.647666'); args=['sessions', u'0001_initial', u'2016-04-26 16:23:52.647666']
DEBUG (0.000) PRAGMA foreign_keys; args=None
DEBUG (0.000) PRAGMA foreign_keys = 0; args=None
DEBUG (0.000) BEGIN; args=None
DEBUG CREATE TABLE "ubet_group" ("id" integer NOT NULL PRIMARY KEY AUTOINCREMENT, "name" varchar(50) NOT NULL, "max_size" integer NOT NULL, "bet_value" integer NOT NULL, "date_of_birth" datetime NOT NULL, "date_of_death" datetime NULL, "status" varchar(50) NOT NULL, "creator_id" integer NULL REFERENCES "auth_user" ("id")); (params None)
DEBUG (0.001) CREATE TABLE "ubet_group" ("id" integer NOT NULL PRIMARY KEY AUTOINCREMENT, "name" varchar(50) NOT NULL, "max_size" integer NOT NULL, "bet_value" integer NOT NULL, "date_of_birth" datetime NOT NULL, "date_of_death" datetime NULL, "status" varchar(50) NOT NULL, "creator_id" integer NULL REFERENCES "auth_user" ("id")); args=None
DEBUG CREATE TABLE "ubet_group_link" ("id" integer NOT NULL PRIMARY KEY AUTOINCREMENT, "position" integer NOT NULL, "creation_time" datetime NOT NULL, "group_id" integer NOT NULL REFERENCES "ubet_group" ("id"), "user_id" integer NOT NULL REFERENCES "auth_user" ("id")); (params None)
DEBUG (0.001) CREATE TABLE "ubet_group_link" ("id" integer NOT NULL PRIMARY KEY AUTOINCREMENT, "position" integer NOT NULL, "creation_time" datetime NOT NULL, "group_id" integer NOT NULL REFERENCES "ubet_group" ("id"), "user_id" integer NOT NULL REFERENCES "auth_user" ("id")); args=None
DEBUG CREATE TABLE "ubet_notification" ("id" integer NOT NULL PRIMARY KEY AUTOINCREMENT, "group_id" integer NOT NULL REFERENCES "ubet_group" ("id"), "user_id" integer NOT NULL REFERENCES "auth_user" ("id")); (params None)
DEBUG (0.000) CREATE TABLE "ubet_notification" ("id" integer NOT NULL PRIMARY KEY AUTOINCREMENT, "group_id" integer NOT NULL REFERENCES "ubet_group" ("id"), "user_id" integer NOT NULL REFERENCES "auth_user" ("id")); args=None
DEBUG CREATE TABLE "ubet_ubet_user" ("id" integer NOT NULL PRIMARY KEY AUTOINCREMENT, "full_name" varchar(100) NOT NULL, "date_of_birth" date NOT NULL, "creditos" real NOT NULL, "django_user_id" integer NOT NULL UNIQUE REFERENCES "auth_user" ("id")); (params None)
DEBUG (0.000) CREATE TABLE "ubet_ubet_user" ("id" integer NOT NULL PRIMARY KEY AUTOINCREMENT, "full_name" varchar(100) NOT NULL, "date_of_birth" date NOT NULL, "creditos" real NOT NULL, "django_user_id" integer NOT NULL UNIQUE REFERENCES "auth_user" ("id")); args=None
DEBUG ALTER TABLE "ubet_group" RENAME TO "ubet_group__old"; (params [])
DEBUG (0.000) ALTER TABLE "ubet_group" RENAME TO "ubet_group__old"; args=[]
DEBUG CREATE TABLE "ubet_group" ("id" integer NOT NULL PRIMARY KEY AUTOINCREMENT, "name" varchar(50) NOT NULL, "max_size" integer NOT NULL, "bet_value" integer NOT NULL, "date_of_birth" datetime NOT NULL, "date_of_death" datetime NULL, "status" varchar(50) NOT NULL, "creator_id" integer NULL REFERENCES "auth_user" ("id")); (params None)
DEBUG (0.000) CREATE TABLE "ubet_group" ("id" integer NOT NULL PRIMARY KEY AUTOINCREMENT, "name" varchar(50) NOT NULL, "max_size" integer NOT NULL, "bet_value" integer NOT NULL, "date_of_birth" datetime NOT NULL, "date_of_death" datetime NULL, "status" varchar(50) NOT NULL, "creator_id" integer NULL REFERENCES "auth_user" ("id")); args=None
DEBUG INSERT INTO "ubet_group" ("status", "name", "date_of_death", "creator_id", "date_of_birth", "bet_value", "id", "max_size") SELECT "status", "name", "date_of_death", "creator_id", "date_of_birth", "bet_value", "id", "max_size" FROM "ubet_group__old"; (params [])
DEBUG (0.000) INSERT INTO "ubet_group" ("status", "name", "date_of_death", "creator_id", "date_of_birth", "bet_value", "id", "max_size") SELECT "status", "name", "date_of_death", "creator_id", "date_of_birth", "bet_value", "id", "max_size" FROM "ubet_group__old"; args=[]
DEBUG DROP TABLE "ubet_group__old"; (params [])
DEBUG (0.002) DROP TABLE "ubet_group__old"; args=[]
DEBUG CREATE INDEX "ubet_notification_0e939a4f" ON "ubet_notification" ("group_id"); (params [])
DEBUG (0.000) CREATE INDEX "ubet_notification_0e939a4f" ON "ubet_notification" ("group_id"); args=[]
DEBUG CREATE INDEX "ubet_notification_e8701ad4" ON "ubet_notification" ("user_id"); (params [])
DEBUG (0.000) CREATE INDEX "ubet_notification_e8701ad4" ON "ubet_notification" ("user_id"); args=[]
DEBUG CREATE INDEX "ubet_group_3700153c" ON "ubet_group" ("creator_id"); (params [])
DEBUG (0.000) CREATE INDEX "ubet_group_3700153c" ON "ubet_group" ("creator_id"); args=[]
DEBUG ALTER TABLE "ubet_group" RENAME TO "ubet_group__old"; (params [])
DEBUG (0.000) ALTER TABLE "ubet_group" RENAME TO "ubet_group__old"; args=[]
DEBUG CREATE TABLE "ubet_group" ("id" integer NOT NULL PRIMARY KEY AUTOINCREMENT, "name" varchar(50) NOT NULL, "max_size" integer NOT NULL, "bet_value" integer NOT NULL, "date_of_birth" datetime NOT NULL, "date_of_death" datetime NULL, "status" varchar(50) NOT NULL, "creator_id" integer NULL REFERENCES "auth_user" ("id"), "winner_id" integer NULL REFERENCES "auth_user" ("id")); (params None)
DEBUG (0.000) CREATE TABLE "ubet_group" ("id" integer NOT NULL PRIMARY KEY AUTOINCREMENT, "name" varchar(50) NOT NULL, "max_size" integer NOT NULL, "bet_value" integer NOT NULL, "date_of_birth" datetime NOT NULL, "date_of_death" datetime NULL, "status" varchar(50) NOT NULL, "creator_id" integer NULL REFERENCES "auth_user" ("id"), "winner_id" integer NULL REFERENCES "auth_user" ("id")); args=None
DEBUG INSERT INTO "ubet_group" ("status", "name", "date_of_death", "creator_id", "date_of_birth", "winner_id", "bet_value", "id", "max_size") SELECT "status", "name", "date_of_death", "creator_id", "date_of_birth", NULL, "bet_value", "id", "max_size" FROM "ubet_group__old"; (params [])
DEBUG (0.000) INSERT INTO "ubet_group" ("status", "name", "date_of_death", "creator_id", "date_of_birth", "winner_id", "bet_value", "id", "max_size") SELECT "status", "name", "date_of_death", "creator_id", "date_of_birth", NULL, "bet_value", "id", "max_size" FROM "ubet_group__old"; args=[]
DEBUG DROP TABLE "ubet_group__old"; (params [])
DEBUG (0.000) DROP TABLE "ubet_group__old"; args=[]
DEBUG CREATE INDEX "ubet_group_3700153c" ON "ubet_group" ("creator_id"); (params [])
DEBUG (0.000) CREATE INDEX "ubet_group_3700153c" ON "ubet_group" ("creator_id"); args=[]
DEBUG CREATE INDEX "ubet_group_c8ac5278" ON "ubet_group" ("winner_id"); (params [])
DEBUG (0.000) CREATE INDEX "ubet_group_c8ac5278" ON "ubet_group" ("winner_id"); args=[]
DEBUG ALTER TABLE "ubet_group_link" RENAME TO "ubet_group_link__old"; (params [])
DEBUG (0.001) ALTER TABLE "ubet_group_link" RENAME TO "ubet_group_link__old"; args=[]
DEBUG CREATE TABLE "ubet_group_link" ("id" integer NOT NULL PRIMARY KEY AUTOINCREMENT, "position" integer NOT NULL, "creation_time" datetime NOT NULL, "group_id" integer NOT NULL REFERENCES "ubet_group" ("id"), "user_id" integer NOT NULL REFERENCES "auth_user" ("id")); (params None)
DEBUG (0.000) CREATE TABLE "ubet_group_link" ("id" integer NOT NULL PRIMARY KEY AUTOINCREMENT, "position" integer NOT NULL, "creation_time" datetime NOT NULL, "group_id" integer NOT NULL REFERENCES "ubet_group" ("id"), "user_id" integer NOT NULL REFERENCES "auth_user" ("id")); args=None
DEBUG INSERT INTO "ubet_group_link" ("position", "group_id", "creation_time", "id", "user_id") SELECT "position", "group_id", "creation_time", "id", "user_id" FROM "ubet_group_link__old"; (params [])
DEBUG (0.000) INSERT INTO "ubet_group_link" ("position", "group_id", "creation_time", "id", "user_id") SELECT "position", "group_id", "creation_time", "id", "user_id" FROM "ubet_group_link__old"; args=[]
DEBUG DROP TABLE "ubet_group_link__old"; (params [])
DEBUG (0.000) DROP TABLE "ubet_group_link__old"; args=[]
DEBUG CREATE UNIQUE INDEX "ubet_group_link_user_id_c4279cc0_uniq" ON "ubet_group_link" ("user_id", "group_id"); (params [])
DEBUG (0.000) CREATE UNIQUE INDEX "ubet_group_link_user_id_c4279cc0_uniq" ON "ubet_group_link" ("user_id", "group_id"); args=[]
DEBUG CREATE UNIQUE INDEX "ubet_group_link_group_id_73d7f639_uniq" ON "ubet_group_link" ("group_id", "position"); (params [])
DEBUG (0.000) CREATE UNIQUE INDEX "ubet_group_link_group_id_73d7f639_uniq" ON "ubet_group_link" ("group_id", "position"); args=[]
DEBUG CREATE INDEX "ubet_group_link_0e939a4f" ON "ubet_group_link" ("group_id"); (params [])
DEBUG (0.000) CREATE INDEX "ubet_group_link_0e939a4f" ON "ubet_group_link" ("group_id"); args=[]
DEBUG CREATE INDEX "ubet_group_link_e8701ad4" ON "ubet_group_link" ("user_id"); (params [])
DEBUG (0.000) CREATE INDEX "ubet_group_link_e8701ad4" ON "ubet_group_link" ("user_id"); args=[]
DEBUG (0.000) PRAGMA foreign_keys = 0; args=None
DEBUG (0.001) 
            SELECT name, type FROM sqlite_master
            WHERE type in ('table', 'view') AND NOT name='sqlite_sequence'
            ORDER BY name; args=None
DEBUG (0.001) BEGIN; args=None
DEBUG (0.002) INSERT INTO "django_migrations" ("app", "name", "applied") VALUES ('ubet', '0001_initial', '2016-04-26 16:23:52.944975'); args=['ubet', u'0001_initial', u'2016-04-26 16:23:52.944975']
DEBUG (0.000) 
            SELECT name, type FROM sqlite_master
            WHERE type in ('table', 'view') AND NOT name='sqlite_sequence'
            ORDER BY name; args=None
DEBUG (0.000) SELECT "django_migrations"."app", "django_migrations"."name" FROM "django_migrations"; args=()
DEBUG (0.000) SELECT "django_content_type"."id", "django_content_type"."app_label", "django_content_type"."model" FROM "django_content_type" WHERE ("django_content_type"."model" = 'logentry' AND "django_content_type"."app_label" = 'admin'); args=('logentry', 'admin')
DEBUG (0.000) SELECT "django_content_type"."id", "django_content_type"."app_label", "django_content_type"."model" FROM "django_content_type" WHERE ("django_content_type"."model" = 'logentry' AND "django_content_type"."app_label" = 'admin'); args=('logentry', 'admin')
DEBUG (0.000) BEGIN; args=None
DEBUG (0.002) INSERT INTO "django_content_type" ("app_label", "model") VALUES ('admin', 'logentry'); args=['admin', 'logentry']
DEBUG (0.000) SELECT "auth_permission"."content_type_id", "auth_permission"."codename" FROM "auth_permission" INNER JOIN "django_content_type" ON ("auth_permission"."content_type_id" = "django_content_type"."id") WHERE "auth_permission"."content_type_id" IN (1) ORDER BY "django_content_type"."app_label" ASC, "django_content_type"."model" ASC, "auth_permission"."codename" ASC; args=(1,)
DEBUG (0.000) BEGIN; args=None
DEBUG (0.002) INSERT INTO "auth_permission" ("name", "content_type_id", "codename") SELECT 'Can add log entry', 1, 'add_logentry' UNION ALL SELECT 'Can change log entry', 1, 'change_logentry' UNION ALL SELECT 'Can delete log entry', 1, 'delete_logentry'; args=(u'Can add log entry', 1, u'add_logentry', u'Can change log entry', 1, u'change_logentry', u'Can delete log entry', 1, u'delete_logentry')
DEBUG (0.000) SELECT "django_content_type"."id", "django_content_type"."app_label", "django_content_type"."model" FROM "django_content_type" WHERE "django_content_type"."app_label" = 'admin'; args=('admin',)
DEBUG (0.000) SELECT "django_content_type"."id", "django_content_type"."app_label", "django_content_type"."model" FROM "django_content_type" WHERE ("django_content_type"."model" = 'permission' AND "django_content_type"."app_label" = 'auth'); args=('permission', 'auth')
DEBUG (0.000) SELECT "django_content_type"."id", "django_content_type"."app_label", "django_content_type"."model" FROM "django_content_type" WHERE ("django_content_type"."model" = 'permission' AND "django_content_type"."app_label" = 'auth'); args=('permission', 'auth')
DEBUG (0.000) BEGIN; args=None
DEBUG (0.002) INSERT INTO "django_content_type" ("app_label", "model") VALUES ('auth', 'permission'); args=['auth', 'permission']
DEBUG (0.000) SELECT "django_content_type"."id", "django_content_type"."app_label", "django_content_type"."model" FROM "django_content_type" WHERE ("django_content_type"."model" = 'group' AND "django_content_type"."app_label" = 'auth'); args=('group', 'auth')
DEBUG (0.000) SELECT "django_content_type"."id", "django_content_type"."app_label", "django_content_type"."model" FROM "django_content_type" WHERE ("django_content_type"."model" = 'group' AND "django_content_type"."app_label" = 'auth'); args=('group', 'auth')
DEBUG (0.000) BEGIN; args=None
DEBUG (0.001) INSERT INTO "django_content_type" ("app_label", "model") VALUES ('auth', 'group'); args=['auth', 'group']
DEBUG (0.000) SELECT "django_content_type"."id", "django_content_type"."app_label", "django_content_type"."model" FROM "django_content_type" WHERE ("django_content_type"."model" = 'user' AND "django_content_type"."app_label" = 'auth'); args=('user', 'auth')
DEBUG (0.000) SELECT "django_content_type"."id", "django_content_type"."app_label", "django_content_type"."model" FROM "django_content_type" WHERE ("django_content_type"."model" = 'user' AND "django_content_type"."app_label" = 'auth'); args=('user', 'auth')
DEBUG (0.000) BEGIN; args=None
DEBUG (0.001) INSERT INTO "django_content_type" ("app_label", "model") VALUES ('auth', 'user'); args=['auth', 'user']
DEBUG (0.000) SELECT "auth_permission"."content_type_id", "auth_permission"."codename" FROM "auth_permission" INNER JOIN "django_content_type" ON ("auth_permission"."content_type_id" = "django_content_type"."id") WHERE "auth_permission"."content_type_id" IN (2, 3, 4) ORDER BY "django_content_type"."app_label" ASC, "django_content_type"."model" ASC, "auth_permission"."codename" ASC; args=(2, 3, 4)
DEBUG (0.000) BEGIN; args=None
DEBUG (0.002) INSERT INTO "auth_permission" ("name", "content_type_id", "codename") SELECT 'Can add permission', 2, 'add_permission' UNION ALL SELECT 'Can change permission', 2, 'change_permission' UNION ALL SELECT 'Can delete permission', 2, 'delete_permission' UNION ALL SELECT 'Can add group', 3, 'add_group' UNION ALL SELECT 'Can change group', 3, 'change_group' UNION ALL SELECT 'Can delete group', 3, 'delete_group' UNION ALL SELECT 'Can add user', 4, 'add_user' UNION ALL SELECT 'Can change user', 4, 'change_user' UNION ALL SELECT 'Can delete user', 4, 'delete_user'; args=(u'Can add permission', 2, u'add_permission', u'Can change permission', 2, u'change_permission', u'Can delete permission', 2, u'delete_permission', u'Can add group', 3, u'add_group', u'Can change group', 3, u'change_group', u'Can delete group', 3, u'delete_group', u'Can add user', 4, u'add_user', u'Can change user', 4, u'change_user', u'Can delete user', 4, u'delete_user')
DEBUG (0.000) SELECT "django_content_type"."id", "django_content_type"."app_label", "django_content_type"."model" FROM "django_content_type" WHERE "django_content_type"."app_label" = 'auth'; args=('auth',)
DEBUG (0.000) SELECT "django_content_type"."id", "django_content_type"."app_label", "django_content_type"."model" FROM "django_content_type" WHERE ("django_content_type"."model" = 'contenttype' AND "django_content_type"."app_label" = 'contenttypes'); args=('contenttype', 'contenttypes')
DEBUG (0.000) SELECT "django_content_type"."id", "django_content_type"."app_label", "django_content_type"."model" FROM "django_content_type" WHERE ("django_content_type"."model" = 'contenttype' AND "django_content_type"."app_label" = 'contenttypes'); args=('contenttype', 'contenttypes')
DEBUG (0.000) BEGIN; args=None
DEBUG (0.002) INSERT INTO "django_content_type" ("app_label", "model") VALUES ('contenttypes', 'contenttype'); args=['contenttypes', 'contenttype']
DEBUG (0.001) SELECT "auth_permission"."content_type_id", "auth_permission"."codename" FROM "auth_permission" INNER JOIN "django_content_type" ON ("auth_permission"."content_type_id" = "django_content_type"."id") WHERE "auth_permission"."content_type_id" IN (5) ORDER BY "django_content_type"."app_label" ASC, "django_content_type"."model" ASC, "auth_permission"."codename" ASC; args=(5,)
DEBUG (0.000) BEGIN; args=None
DEBUG (0.001) INSERT INTO "auth_permission" ("name", "content_type_id", "codename") SELECT 'Can add content type', 5, 'add_contenttype' UNION ALL SELECT 'Can change content type', 5, 'change_contenttype' UNION ALL SELECT 'Can delete content type', 5, 'delete_contenttype'; args=(u'Can add content type', 5, u'add_contenttype', u'Can change content type', 5, u'change_contenttype', u'Can delete content type', 5, u'delete_contenttype')
DEBUG (0.000) SELECT "django_content_type"."id", "django_content_type"."app_label", "django_content_type"."model" FROM "django_content_type" WHERE "django_content_type"."app_label" = 'contenttypes'; args=('contenttypes',)
DEBUG (0.000) SELECT "django_content_type"."id", "django_content_type"."app_label", "django_content_type"."model" FROM "django_content_type" WHERE ("django_content_type"."model" = 'session' AND "django_content_type"."app_label" = 'sessions'); args=('session', 'sessions')
DEBUG (0.000) SELECT "django_content_type"."id", "django_content_type"."app_label", "django_content_type"."model" FROM "django_content_type" WHERE ("django_content_type"."model" = 'session' AND "django_content_type"."app_label" = 'sessions'); args=('session', 'sessions')
DEBUG (0.000) BEGIN; args=None
DEBUG (0.002) INSERT INTO "django_content_type" ("app_label", "model") VALUES ('sessions', 'session'); args=['sessions', 'session']
DEBUG (0.000) SELECT "auth_permission"."content_type_id", "auth_permission"."codename" FROM "auth_permission" INNER JOIN "django_content_type" ON ("auth_permission"."content_type_id" = "django_content_type"."id") WHERE "auth_permission"."content_type_id" IN (6) ORDER BY "django_content_type"."app_label" ASC, "django_content_type"."model" ASC, "auth_permission"."codename" ASC; args=(6,)
DEBUG (0.000) BEGIN; args=None
DEBUG (0.002) INSERT INTO "auth_permission" ("name", "content_type_id", "codename") SELECT 'Can add session', 6, 'add_session' UNION ALL SELECT 'Can change session', 6, 'change_session' UNION ALL SELECT 'Can delete session', 6, 'delete_session'; args=(u'Can add session', 6, u'add_session', u'Can change session', 6, u'change_session', u'Can delete session', 6, u'delete_session')
DEBUG (0.001) SELECT "django_content_type"."id", "django_content_type"."app_label", "django_content_type"."model" FROM "django_content_type" WHERE "django_content_type"."app_label" = 'sessions'; args=('sessions',)
DEBUG (0.000) SELECT "django_content_type"."id", "django_content_type"."app_label", "django_content_type"."model" FROM "django_content_type" WHERE ("django_content_type"."model" = 'ubet_user' AND "django_content_type"."app_label" = 'ubet'); args=('ubet_user', 'ubet')
DEBUG (0.000) SELECT "django_content_type"."id", "django_content_type"."app_label", "django_content_type"."model" FROM "django_content_type" WHERE ("django_content_type"."model" = 'ubet_user' AND "django_content_type"."app_label" = 'ubet'); args=('ubet_user', 'ubet')
DEBUG (0.000) BEGIN; args=None
DEBUG (0.002) INSERT INTO "django_content_type" ("app_label", "model") VALUES ('ubet', 'ubet_user'); args=['ubet', 'ubet_user']
DEBUG (0.000) SELECT "django_content_type"."id", "django_content_type"."app_label", "django_content_type"."model" FROM "django_content_type" WHERE ("django_content_type"."model" = 'group' AND "django_content_type"."app_label" = 'ubet'); args=('group', 'ubet')
DEBUG (0.000) SELECT "django_content_type"."id", "django_content_type"."app_label", "django_content_type"."model" FROM "django_content_type" WHERE ("django_content_type"."model" = 'group' AND "django_content_type"."app_label" = 'ubet'); args=('group', 'ubet')
DEBUG (0.000) BEGIN; args=None
DEBUG (0.001) INSERT INTO "django_content_type" ("app_label", "model") VALUES ('ubet', 'group'); args=['ubet', 'group']
DEBUG (0.000) SELECT "django_content_type"."id", "django_content_type"."app_label", "django_content_type"."model" FROM "django_content_type" WHERE ("django_content_type"."model" = 'group_link' AND "django_content_type"."app_label" = 'ubet'); args=('group_link', 'ubet')
DEBUG (0.000) SELECT "django_content_type"."id", "django_content_type"."app_label", "django_content_type"."model" FROM "django_content_type" WHERE ("django_content_type"."model" = 'group_link' AND "django_content_type"."app_label" = 'ubet'); args=('group_link', 'ubet')
DEBUG (0.000) BEGIN; args=None
DEBUG (0.002) INSERT INTO "django_content_type" ("app_label", "model") VALUES ('ubet', 'group_link'); args=['ubet', 'group_link']
DEBUG (0.000) SELECT "django_content_type"."id", "django_content_type"."app_label", "django_content_type"."model" FROM "django_content_type" WHERE ("django_content_type"."model" = 'notification' AND "django_content_type"."app_label" = 'ubet'); args=('notification', 'ubet')
DEBUG (0.000) SELECT "django_content_type"."id", "django_content_type"."app_label", "django_content_type"."model" FROM "django_content_type" WHERE ("django_content_type"."model" = 'notification' AND "django_content_type"."app_label" = 'ubet'); args=('notification', 'ubet')
DEBUG (0.000) BEGIN; args=None
DEBUG (0.002) INSERT INTO "django_content_type" ("app_label", "model") VALUES ('ubet', 'notification'); args=['ubet', 'notification']
DEBUG (0.001) SELECT "auth_permission"."content_type_id", "auth_permission"."codename" FROM "auth_permission" INNER JOIN "django_content_type" ON ("auth_permission"."content_type_id" = "django_content_type"."id") WHERE "auth_permission"."content_type_id" IN (8, 9, 10, 7) ORDER BY "django_content_type"."app_label" ASC, "django_content_type"."model" ASC, "auth_permission"."codename" ASC; args=(8, 9, 10, 7)
DEBUG (0.000) BEGIN; args=None
DEBUG (0.002) INSERT INTO "auth_permission" ("name", "content_type_id", "codename") SELECT 'Can add ubet_user', 7, 'add_ubet_user' UNION ALL SELECT 'Can change ubet_user', 7, 'change_ubet_user' UNION ALL SELECT 'Can delete ubet_user', 7, 'delete_ubet_user' UNION ALL SELECT 'Can add group', 8, 'add_group' UNION ALL SELECT 'Can change group', 8, 'change_group' UNION ALL SELECT 'Can delete group', 8, 'delete_group' UNION ALL SELECT 'Can add group_link', 9, 'add_group_link' UNION ALL SELECT 'Can change group_link', 9, 'change_group_link' UNION ALL SELECT 'Can delete group_link', 9, 'delete_group_link' UNION ALL SELECT 'Can add notification', 10, 'add_notification' UNION ALL SELECT 'Can change notification', 10, 'change_notification' UNION ALL SELECT 'Can delete notification', 10, 'delete_notification'; args=(u'Can add ubet_user', 7, u'add_ubet_user', u'Can change ubet_user', 7, u'change_ubet_user', u'Can delete ubet_user', 7, u'delete_ubet_user', u'Can add group', 8, u'add_group', u'Can change group', 8, u'change_group', u'Can delete group', 8, u'delete_group', u'Can add group_link', 9, u'add_group_link', u'Can change group_link', 9, u'change_group_link', u'Can delete group_link', 9, u'delete_group_link', u'Can add notification', 10, u'add_notification', u'Can change notification', 10, u'change_notification', u'Can delete notification', 10, u'delete_notification')
DEBUG (0.000) SELECT "django_content_type"."id", "django_content_type"."app_label", "django_content_type"."model" FROM "django_content_type" WHERE "django_content_type"."app_label" = 'ubet'; args=('ubet',)
